<?xml version="1.0" encoding="UTF-8"?>
<testng-results ignored="0" total="1" passed="1" failed="0" skipped="0">
  <reporter-output>
  </reporter-output>
  <suite started-at="2022-02-04T17:20:08 EST" name="Surefire suite" finished-at="2022-02-04T17:21:10 EST" duration-ms="62241">
    <groups>
    </groups>
    <test started-at="2022-02-04T17:20:08 EST" name="Surefire test" finished-at="2022-02-04T17:21:10 EST" duration-ms="62241">
      <class name="com.aspiration.appium.tests.LoginTest">
        <test-method is-config="true" signature="setUp()[pri:0, instance:com.aspiration.appium.tests.LoginTest@531a716c]" started-at="2022-02-04T17:20:08 EST" name="setUp" finished-at="2022-02-04T17:20:08 EST" duration-ms="1" status="PASS">
          <reporter-output>
          </reporter-output>
        </test-method> <!-- setUp -->
        <test-method signature="testUserLoginAndLogout(java.lang.String)[pri:0, instance:com.aspiration.appium.tests.LoginTest@531a716c]" started-at="2022-02-04T17:20:08 EST" name="testUserLoginAndLogout" data-provider="devices" finished-at="2022-02-04T17:21:10 EST" duration-ms="61521" status="PASS">
          <params>
            <param index="0">
              <value>
                <![CDATA[android]]>
              </value>
            </param>
          </params>
          <reporter-output>
          </reporter-output>
        </test-method> <!-- testUserLoginAndLogout -->
        <test-method is-config="true" signature="tearDown(org.testng.ITestResult)[pri:0, instance:com.aspiration.appium.tests.LoginTest@531a716c]" started-at="2022-02-04T17:21:10 EST" name="tearDown" finished-at="2022-02-04T17:21:10 EST" duration-ms="700" status="PASS">
          <params>
            <param index="0">
              <value>
                <![CDATA[[TestResult name=testUserLoginAndLogout status=SUCCESS method=LoginTest.testUserLoginAndLogout(java.lang.String)[pri:0, instance:com.aspiration.appium.tests.LoginTest@531a716c] output={null}]]]>
              </value>
            </param>
          </params>
          <reporter-output>
          </reporter-output>
        </test-method> <!-- tearDown -->
        <test-method is-config="true" signature="cleanUp()[pri:0, instance:com.aspiration.appium.tests.LoginTest@531a716c]" started-at="2022-02-04T17:21:10 EST" name="cleanUp" finished-at="2022-02-04T17:21:10 EST" duration-ms="0" status="PASS">
          <reporter-output>
          </reporter-output>
        </test-method> <!-- cleanUp -->
      </class> <!-- com.aspiration.appium.tests.LoginTest -->
    </test> <!-- Surefire test -->
  </suite> <!-- Surefire suite -->
</testng-results>
